2025-05-18 00:02:39,179 - root - INFO - Iniciando execução do crawler...
2025-05-18 00:02:39,179 - core.controller - INFO - Iniciando execução com critérios: {'sector': {'main': 'saúde'}}
2025-05-18 00:02:39,180 - core.criteria_parser - INFO - Processando critérios: {'sector': {'main': 'saúde'}}
2025-05-18 00:02:39,180 - core.criteria_parser - INFO - Critérios processados: {'sector': {'main': 'saúde'}, 'output': {'format': 'excel'}}
2025-05-18 00:02:39,180 - core.controller - INFO - Critérios processados: {'sector': {'main': 'saúde'}, 'output': {'format': 'excel'}}
2025-05-18 00:02:39,180 - core.controller - INFO - Plano de busca criado com 3 etapas
2025-05-18 00:02:39,180 - core.controller - INFO - Executando etapa: search com linkedin
2025-05-18 00:02:39,180 - modules.scrapers.linkedin_scraper - INFO - Iniciando busca no LinkedIn com critérios: {'sector': {'main': 'saúde'}, 'output': {'format': 'excel'}}
2025-05-18 00:02:39,181 - WDM - INFO - ====== WebDriver manager ======
2025-05-18 00:02:41,643 - WDM - INFO - Get LATEST chromedriver version for google-chrome
2025-05-18 00:02:41,706 - WDM - INFO - Get LATEST chromedriver version for google-chrome
2025-05-18 00:02:41,763 - WDM - INFO - Driver [C:\Users\Administrador\.wdm\drivers\chromedriver\win64\131.0.6778.264\chromedriver-win32/THIRD_PARTY_NOTICES.chromedriver] found in cache
2025-05-18 00:02:41,765 - utils.selenium_manager - ERROR - Erro ao configurar o driver: [WinError 193] %1 não é um aplicativo Win32 válido
2025-05-18 00:02:41,765 - core.controller - ERROR - Erro ao executar etapa search com linkedin: [WinError 193] %1 não é um aplicativo Win32 válido
2025-05-18 00:02:41,765 - core.controller - INFO - Executando etapa: search com cnpj
2025-05-18 00:02:41,765 - modules.scrapers.cnpj_scraper - INFO - Iniciando busca de CNPJ com critérios: {'sector': {'main': 'saúde'}, 'output': {'format': 'excel'}}
2025-05-18 00:02:41,765 - core.controller - INFO - Busca com cnpj encontrou 5 resultados
2025-05-18 00:02:41,766 - modules.scrapers.cnpj_scraper - INFO - Coletando dados de CNPJ para: FLEURY S.A.
2025-05-18 00:02:41,949 - modules.scrapers.cnpj_scraper - INFO - Dados coletados com sucesso da ReceitaWS para CNPJ 60840055000131
2025-05-18 00:02:41,950 - modules.scrapers.cnpj_scraper - INFO - Coletando dados de CNPJ para: DIAGNÓSTICOS DA AMÉRICA S.A.
2025-05-18 00:02:42,126 - modules.scrapers.cnpj_scraper - INFO - Dados coletados com sucesso da ReceitaWS para CNPJ 61486650000183
2025-05-18 00:02:42,126 - modules.scrapers.cnpj_scraper - INFO - Coletando dados de CNPJ para: HAPVIDA ASSISTÊNCIA MÉDICA LTDA
2025-05-18 00:02:42,305 - modules.scrapers.cnpj_scraper - INFO - Dados coletados com sucesso da ReceitaWS para CNPJ 63554067000198
2025-05-18 00:02:42,305 - modules.scrapers.cnpj_scraper - INFO - Coletando dados de CNPJ para: INSTITUTO HERMES PARDINI S.A.
2025-05-18 00:02:42,477 - modules.scrapers.cnpj_scraper - WARNING - Erro ao acessar ReceitaWS: 429
2025-05-18 00:02:42,478 - WDM - INFO - ====== WebDriver manager ======
2025-05-18 00:02:44,944 - WDM - INFO - Get LATEST chromedriver version for google-chrome
2025-05-18 00:02:44,991 - WDM - INFO - Get LATEST chromedriver version for google-chrome
2025-05-18 00:02:45,048 - WDM - INFO - Driver [C:\Users\Administrador\.wdm\drivers\chromedriver\win64\131.0.6778.264\chromedriver-win32/THIRD_PARTY_NOTICES.chromedriver] found in cache
2025-05-18 00:02:45,049 - utils.selenium_manager - ERROR - Erro ao configurar o driver: [WinError 193] %1 não é um aplicativo Win32 válido
2025-05-18 00:02:45,049 - modules.scrapers.cnpj_scraper - ERROR - Erro ao coletar dados do CNPJ.biz: [WinError 193] %1 não é um aplicativo Win32 válido
2025-05-18 00:02:45,050 - modules.scrapers.cnpj_scraper - INFO - Coletando dados de CNPJ para: REDE D'OR SÃO LUIZ S.A.
2025-05-18 00:02:45,224 - modules.scrapers.cnpj_scraper - WARNING - Erro ao acessar ReceitaWS: 429
2025-05-18 00:02:45,225 - WDM - INFO - ====== WebDriver manager ======
2025-05-18 00:02:47,637 - WDM - INFO - Get LATEST chromedriver version for google-chrome
2025-05-18 00:02:47,683 - WDM - INFO - Get LATEST chromedriver version for google-chrome
2025-05-18 00:02:47,740 - WDM - INFO - Driver [C:\Users\Administrador\.wdm\drivers\chromedriver\win64\131.0.6778.264\chromedriver-win32/THIRD_PARTY_NOTICES.chromedriver] found in cache
2025-05-18 00:02:47,741 - utils.selenium_manager - ERROR - Erro ao configurar o driver: [WinError 193] %1 não é um aplicativo Win32 válido
2025-05-18 00:02:47,741 - modules.scrapers.cnpj_scraper - ERROR - Erro ao coletar dados do CNPJ.biz: [WinError 193] %1 não é um aplicativo Win32 válido
2025-05-18 00:02:47,741 - core.controller - INFO - Executando etapa: search com company_site
2025-05-18 00:02:47,741 - modules.scrapers.company_site_scraper - INFO - Iniciando busca por sites corporativos com critérios: {'sector': {'main': 'saúde'}, 'output': {'format': 'excel'}}
2025-05-18 00:02:47,742 - modules.scrapers.company_site_scraper - WARNING - Nenhuma lista de empresas fornecida para busca de sites corporativos
2025-05-18 00:02:47,742 - core.controller - INFO - Busca com company_site encontrou 0 resultados
2025-05-18 00:02:47,742 - core.controller - INFO - Busca concluída. 5 empresas encontradas
2025-05-18 00:02:47,742 - modules.processors.data_processor - WARNING - Empresa INSTITUTO HERMES PARDINI S.A. não tem dados mínimos necessários
2025-05-18 00:02:47,742 - modules.processors.data_processor - WARNING - Empresa REDE D'OR SÃO LUIZ S.A. não tem dados mínimos necessários
2025-05-18 00:02:47,743 - core.quality_checker - INFO - Qualidade dos dados para FLEURY S.A.: 0.67
2025-05-18 00:02:47,743 - core.controller - WARNING - Empresa FLEURY S.A. não atingiu score mínimo de qualidade: 0.6741573033707865
2025-05-18 00:02:47,743 - core.quality_checker - INFO - Qualidade dos dados para DIAGNOSTICOS DA AMERICA S.A .: 0.62
2025-05-18 00:02:47,743 - core.controller - WARNING - Empresa DIAGNOSTICOS DA AMERICA S.A . não atingiu score mínimo de qualidade: 0.6179775280898876
2025-05-18 00:02:47,743 - core.quality_checker - INFO - Qualidade dos dados para HAPVIDA ASSISTENCIA MEDICA S.A.: 0.67
2025-05-18 00:02:47,743 - core.controller - WARNING - Empresa HAPVIDA ASSISTENCIA MEDICA S.A. não atingiu score mínimo de qualidade: 0.6741573033707865
2025-05-18 00:02:47,743 - core.controller - INFO - Processamento concluído. 0 empresas válidas
2025-05-18 00:02:47,744 - modules.exporters.excel_exporter - WARNING - Nenhum dado para exportar
2025-05-18 00:02:47,744 - core.controller - INFO - Resultados exportados para 
2025-05-18 00:02:47,744 - root - INFO - Execução concluída em 8.56 segundos
2025-05-18 00:02:47,744 - root - INFO - Total de empresas encontradas: 5
2025-05-18 00:02:47,744 - root - INFO - Total de empresas válidas: 0
2025-05-18 00:02:47,744 - root - INFO - Resultados exportados para: 
