2025-05-17 23:42:27,517 - root - INFO - Iniciando execução do crawler...
2025-05-17 23:42:27,518 - core.controller - INFO - Iniciando execução com critérios: {'sector': {'main': 'saúde', 'sub_sectors': ['hospitais', 'clínicas', 'laboratórios', 'farmacêuticas']}, 'size': {'employees': {'min': 100, 'max': 200}, 'revenue': {'min': 1000000000, 'currency': 'BRL'}}, 'location': {'country': 'Brasil'}, 'output': {'format': 'excel', 'max_results': 5}}
2025-05-17 23:42:27,518 - core.criteria_parser - INFO - Processando critérios: {'sector': {'main': 'saúde', 'sub_sectors': ['hospitais', 'clínicas', 'laboratórios', 'farmacêuticas']}, 'size': {'employees': {'min': 100, 'max': 200}, 'revenue': {'min': 1000000000, 'currency': 'BRL'}}, 'location': {'country': 'Brasil'}, 'output': {'format': 'excel', 'max_results': 5}}
2025-05-17 23:42:27,518 - core.criteria_parser - INFO - Critérios processados: {'sector': {'main': 'saúde', 'sub_sectors': ['hospitais', 'clínicas', 'laboratórios', 'farmacêuticas']}, 'size': {'employees': {'min': 100, 'max': 200}, 'revenue': {'min': 1000000000, 'currency': 'BRL'}}, 'location': {'country': 'Brasil'}, 'output': {'format': 'excel', 'max_results': 5}}
2025-05-17 23:42:27,519 - core.controller - INFO - Critérios processados: {'sector': {'main': 'saúde', 'sub_sectors': ['hospitais', 'clínicas', 'laboratórios', 'farmacêuticas']}, 'size': {'employees': {'min': 100, 'max': 200}, 'revenue': {'min': 1000000000, 'currency': 'BRL'}}, 'location': {'country': 'Brasil'}, 'output': {'format': 'excel', 'max_results': 5}}
2025-05-17 23:42:27,519 - core.controller - INFO - Plano de busca criado com 3 etapas
2025-05-17 23:42:27,519 - core.controller - INFO - Executando etapa: search com linkedin
2025-05-17 23:42:27,519 - modules.scrapers.linkedin_scraper - INFO - Iniciando busca no LinkedIn com critérios: {'sector': {'main': 'saúde', 'sub_sectors': ['hospitais', 'clínicas', 'laboratórios', 'farmacêuticas']}, 'size': {'employees': {'min': 100, 'max': 200}, 'revenue': {'min': 1000000000, 'currency': 'BRL'}}, 'location': {'country': 'Brasil'}, 'output': {'format': 'excel', 'max_results': 5}}
2025-05-17 23:42:27,520 - WDM - INFO - ====== WebDriver manager ======
2025-05-17 23:42:30,015 - WDM - INFO - Get LATEST chromedriver version for google-chrome
2025-05-17 23:42:30,067 - WDM - INFO - Get LATEST chromedriver version for google-chrome
2025-05-17 23:42:30,116 - WDM - INFO - Driver [C:\Users\Administrador\.wdm\drivers\chromedriver\win64\131.0.6778.264\chromedriver-win32/THIRD_PARTY_NOTICES.chromedriver] found in cache
2025-05-17 23:42:30,117 - utils.selenium_manager - ERROR - Erro ao configurar o driver: [WinError 193] %1 não é um aplicativo Win32 válido
2025-05-17 23:42:30,117 - core.controller - ERROR - Erro ao executar etapa search com linkedin: [WinError 193] %1 não é um aplicativo Win32 válido
2025-05-17 23:42:30,117 - core.controller - INFO - Executando etapa: search com cnpj
2025-05-17 23:42:30,117 - modules.scrapers.cnpj_scraper - INFO - Iniciando busca de CNPJ com critérios: {'sector': {'main': 'saúde', 'sub_sectors': ['hospitais', 'clínicas', 'laboratórios', 'farmacêuticas']}, 'size': {'employees': {'min': 100, 'max': 200}, 'revenue': {'min': 1000000000, 'currency': 'BRL'}}, 'location': {'country': 'Brasil'}, 'output': {'format': 'excel', 'max_results': 5}}
2025-05-17 23:42:30,118 - core.controller - INFO - Busca com cnpj encontrou 5 resultados
2025-05-17 23:42:30,118 - modules.scrapers.cnpj_scraper - INFO - Coletando dados de CNPJ para: FLEURY S.A.
2025-05-17 23:42:30,297 - modules.scrapers.cnpj_scraper - INFO - Dados coletados com sucesso da ReceitaWS para CNPJ 60840055000131
2025-05-17 23:42:30,297 - modules.scrapers.cnpj_scraper - INFO - Coletando dados de CNPJ para: DIAGNÓSTICOS DA AMÉRICA S.A.
2025-05-17 23:42:30,488 - modules.scrapers.cnpj_scraper - INFO - Dados coletados com sucesso da ReceitaWS para CNPJ 61486650000183
2025-05-17 23:42:30,489 - modules.scrapers.cnpj_scraper - INFO - Coletando dados de CNPJ para: HAPVIDA ASSISTÊNCIA MÉDICA LTDA
2025-05-17 23:42:30,655 - modules.scrapers.cnpj_scraper - WARNING - Erro ao acessar ReceitaWS: 429
2025-05-17 23:42:30,656 - WDM - INFO - ====== WebDriver manager ======
2025-05-17 23:42:33,197 - WDM - INFO - Get LATEST chromedriver version for google-chrome
2025-05-17 23:42:33,254 - WDM - INFO - Get LATEST chromedriver version for google-chrome
2025-05-17 23:42:33,309 - WDM - INFO - Driver [C:\Users\Administrador\.wdm\drivers\chromedriver\win64\131.0.6778.264\chromedriver-win32/THIRD_PARTY_NOTICES.chromedriver] found in cache
2025-05-17 23:42:33,310 - utils.selenium_manager - ERROR - Erro ao configurar o driver: [WinError 193] %1 não é um aplicativo Win32 válido
2025-05-17 23:42:33,311 - modules.scrapers.cnpj_scraper - ERROR - Erro ao coletar dados do CNPJ.biz: [WinError 193] %1 não é um aplicativo Win32 válido
2025-05-17 23:42:33,311 - modules.scrapers.cnpj_scraper - INFO - Coletando dados de CNPJ para: INSTITUTO HERMES PARDINI S.A.
2025-05-17 23:42:33,481 - modules.scrapers.cnpj_scraper - WARNING - Erro ao acessar ReceitaWS: 429
2025-05-17 23:42:33,482 - WDM - INFO - ====== WebDriver manager ======
2025-05-17 23:42:36,017 - WDM - INFO - Get LATEST chromedriver version for google-chrome
2025-05-17 23:42:36,075 - WDM - INFO - Get LATEST chromedriver version for google-chrome
2025-05-17 23:42:36,131 - WDM - INFO - Driver [C:\Users\Administrador\.wdm\drivers\chromedriver\win64\131.0.6778.264\chromedriver-win32/THIRD_PARTY_NOTICES.chromedriver] found in cache
2025-05-17 23:42:36,132 - utils.selenium_manager - ERROR - Erro ao configurar o driver: [WinError 193] %1 não é um aplicativo Win32 válido
2025-05-17 23:42:36,132 - modules.scrapers.cnpj_scraper - ERROR - Erro ao coletar dados do CNPJ.biz: [WinError 193] %1 não é um aplicativo Win32 válido
2025-05-17 23:42:36,132 - modules.scrapers.cnpj_scraper - INFO - Coletando dados de CNPJ para: REDE D'OR SÃO LUIZ S.A.
2025-05-17 23:42:36,299 - modules.scrapers.cnpj_scraper - WARNING - Erro ao acessar ReceitaWS: 429
2025-05-17 23:42:36,300 - WDM - INFO - ====== WebDriver manager ======
2025-05-17 23:42:38,960 - WDM - INFO - Get LATEST chromedriver version for google-chrome
2025-05-17 23:42:39,017 - WDM - INFO - Get LATEST chromedriver version for google-chrome
2025-05-17 23:42:39,064 - WDM - INFO - Driver [C:\Users\Administrador\.wdm\drivers\chromedriver\win64\131.0.6778.264\chromedriver-win32/THIRD_PARTY_NOTICES.chromedriver] found in cache
2025-05-17 23:42:39,065 - utils.selenium_manager - ERROR - Erro ao configurar o driver: [WinError 193] %1 não é um aplicativo Win32 válido
2025-05-17 23:42:39,066 - modules.scrapers.cnpj_scraper - ERROR - Erro ao coletar dados do CNPJ.biz: [WinError 193] %1 não é um aplicativo Win32 válido
2025-05-17 23:42:39,066 - core.controller - INFO - Executando etapa: search com company_site
2025-05-17 23:42:39,066 - modules.scrapers.company_site_scraper - INFO - Iniciando busca por sites corporativos com critérios: {'sector': {'main': 'saúde', 'sub_sectors': ['hospitais', 'clínicas', 'laboratórios', 'farmacêuticas']}, 'size': {'employees': {'min': 100, 'max': 200}, 'revenue': {'min': 1000000000, 'currency': 'BRL'}}, 'location': {'country': 'Brasil'}, 'output': {'format': 'excel', 'max_results': 5}}
2025-05-17 23:42:39,066 - modules.scrapers.company_site_scraper - WARNING - Nenhuma lista de empresas fornecida para busca de sites corporativos
2025-05-17 23:42:39,066 - core.controller - INFO - Busca com company_site encontrou 0 resultados
2025-05-17 23:42:39,066 - core.controller - INFO - Busca concluída. 5 empresas encontradas
2025-05-17 23:42:39,066 - modules.processors.data_processor - WARNING - Empresa HAPVIDA ASSISTÊNCIA MÉDICA LTDA não tem dados mínimos necessários
2025-05-17 23:42:39,067 - modules.processors.data_processor - WARNING - Empresa INSTITUTO HERMES PARDINI S.A. não tem dados mínimos necessários
2025-05-17 23:42:39,067 - modules.processors.data_processor - WARNING - Empresa REDE D'OR SÃO LUIZ S.A. não tem dados mínimos necessários
2025-05-17 23:42:39,067 - core.quality_checker - INFO - Qualidade dos dados para FLEURY S.A.: 0.67
2025-05-17 23:42:39,067 - core.controller - WARNING - Empresa FLEURY S.A. não atingiu score mínimo de qualidade: 0.6741573033707865
2025-05-17 23:42:39,067 - core.quality_checker - INFO - Qualidade dos dados para DIAGNOSTICOS DA AMERICA S.A .: 0.62
2025-05-17 23:42:39,068 - core.controller - WARNING - Empresa DIAGNOSTICOS DA AMERICA S.A . não atingiu score mínimo de qualidade: 0.6179775280898876
2025-05-17 23:42:39,068 - core.controller - INFO - Processamento concluído. 0 empresas válidas
2025-05-17 23:42:39,068 - modules.exporters.excel_exporter - WARNING - Nenhum dado para exportar
2025-05-17 23:42:39,068 - core.controller - INFO - Resultados exportados para 
2025-05-17 23:42:39,068 - root - INFO - Execução concluída em 11.55 segundos
2025-05-17 23:42:39,068 - root - INFO - Total de empresas encontradas: 5
2025-05-17 23:42:39,069 - root - INFO - Total de empresas válidas: 0
2025-05-17 23:42:39,069 - root - INFO - Resultados exportados para: 
