2025-05-17 23:16:22,455 - root - INFO - Iniciando execução do crawler...
2025-05-17 23:16:22,455 - core.controller - INFO - Iniciando execução com critérios: {'companies': [{'name': 'TOTVS S.A.', 'sector': 'tecnologia'}], 'output': {'format': 'excel', 'max_results': 1}}
2025-05-17 23:16:22,455 - core.criteria_parser - INFO - Processando critérios: {'companies': [{'name': 'TOTVS S.A.', 'sector': 'tecnologia'}], 'output': {'format': 'excel', 'max_results': 1}}
2025-05-17 23:16:22,455 - core.controller - INFO - Critérios processados: {'companies': [{'name': 'TOTVS S.A.', 'sector': 'tecnologia'}], 'output': {'format': 'excel', 'max_results': 1}}
2025-05-17 23:16:22,455 - core.controller - INFO - Plano de busca criado com 3 etapas
2025-05-17 23:16:22,455 - core.controller - INFO - Executando etapa: search com linkedin
2025-05-17 23:16:22,455 - modules.scrapers.linkedin_scraper - INFO - Iniciando busca no LinkedIn com critérios: {'companies': [{'name': 'TOTVS S.A.', 'sector': 'tecnologia'}], 'output': {'format': 'excel', 'max_results': 1}}
2025-05-17 23:16:22,456 - modules.scrapers.linkedin_scraper - INFO - Buscando empresa específica no LinkedIn: TOTVS S.A.
2025-05-17 23:16:22,456 - utils.selenium_manager - INFO - Sistema operacional detectado: linux
2025-05-17 23:16:22,456 - utils.selenium_manager - INFO - Baixando chromedriver para linux
2025-05-17 23:16:22,456 - WDM - INFO - ====== WebDriver manager ======
2025-05-17 23:16:22,479 - WDM - INFO - Get LATEST chromedriver version for google-chrome
2025-05-17 23:16:22,479 - utils.selenium_manager - ERROR - Erro ao configurar o driver: 'NoneType' object has no attribute 'split'
2025-05-17 23:16:22,479 - modules.scrapers.linkedin_scraper - ERROR - Erro durante busca no LinkedIn: 'NoneType' object has no attribute 'split'
2025-05-17 23:16:22,479 - modules.scrapers.linkedin_scraper - INFO - Busca no LinkedIn encontrou 0 resultados
2025-05-17 23:16:22,479 - core.controller - INFO - Busca com linkedin encontrou 0 resultados
2025-05-17 23:16:22,479 - core.controller - INFO - Executando etapa: search com cnpj
2025-05-17 23:16:22,479 - modules.scrapers.cnpj_scraper - INFO - Iniciando busca de CNPJ com critérios: {'companies': [{'name': 'TOTVS S.A.', 'sector': 'tecnologia'}], 'output': {'format': 'excel', 'max_results': 1}}
2025-05-17 23:16:22,479 - core.controller - INFO - Busca com cnpj encontrou 1 resultados
2025-05-17 23:16:22,479 - modules.scrapers.cnpj_scraper - INFO - Coletando dados de CNPJ para: TOTVS S.A.
2025-05-17 23:16:22,626 - modules.scrapers.cnpj_scraper - INFO - Dados coletados com sucesso da ReceitaWS para CNPJ 53113791000122
2025-05-17 23:16:22,626 - core.controller - INFO - Executando etapa: search com company_site
2025-05-17 23:16:22,627 - modules.scrapers.company_site_scraper - INFO - Iniciando busca por sites corporativos com critérios: {'companies': [{'name': 'TOTVS S.A.', 'sector': 'tecnologia'}], 'output': {'format': 'excel', 'max_results': 1}}
2025-05-17 23:16:22,627 - modules.scrapers.company_site_scraper - INFO - Buscando site corporativo para: TOTVS S.A.
2025-05-17 23:16:22,627 - utils.searx_client - INFO - Realizando busca SearXNG: TOTVS S.A. site oficial
2025-05-17 23:16:24,059 - modules.scrapers.company_site_scraper - ERROR - Erro ao buscar site corporativo para TOTVS S.A.: 'str' object has no attribute 'get'
2025-05-17 23:16:24,059 - modules.scrapers.company_site_scraper - INFO - Busca com company_site encontrou 0 resultados
2025-05-17 23:16:24,059 - core.controller - INFO - Busca com company_site encontrou 0 resultados
2025-05-17 23:16:24,059 - core.controller - INFO - Busca concluída. 1 empresas encontradas
2025-05-17 23:16:24,059 - core.quality_checker - INFO - Qualidade dos dados para TOTVS S.A.: 0.62
2025-05-17 23:16:24,059 - core.controller - INFO - Processamento concluído. 1 empresas válidas
2025-05-17 23:16:24,203 - modules.exporters.excel_exporter - ERROR - Erro ao exportar dados para Excel com formatação: 'Workbook' object has no attribute 'create_font'
2025-05-17 23:16:24,213 - modules.exporters.excel_exporter - INFO - Dados exportados sem formatação para /home/ubuntu/crawler-flex/modules/exporters/../../data/output/empresas_20250517_231624.xlsx
2025-05-17 23:16:24,213 - core.controller - INFO - Resultados exportados para /home/ubuntu/crawler-flex/modules/exporters/../../data/output/empresas_20250517_231624.xlsx
2025-05-17 23:16:24,213 - root - INFO - Execução concluída em 1.76 segundos
2025-05-17 23:16:24,213 - root - INFO - Total de empresas encontradas: 1
2025-05-17 23:16:24,213 - root - INFO - Total de empresas válidas: 1
2025-05-17 23:16:24,213 - root - INFO - Resultados exportados para: /home/ubuntu/crawler-flex/modules/exporters/../../data/output/empresas_20250517_231624.xlsx
