2025-05-18 00:00:13,279 - root - INFO - Iniciando execução do crawler...
2025-05-18 00:00:13,279 - core.controller - INFO - Iniciando execução com critérios: {'sector': {'main': 'saúde', 'sub_sectors': ['hospitais', 'clínicas', 'laboratórios', 'farmacêuticas']}, 'size': {'employees': {'min': 50, 'max': 500}, 'revenue': {'min': 100, 'currency': 'BRL'}}, 'location': {'country': 'Brasil'}, 'output': {'format': 'excel', 'max_results': 50}}
2025-05-18 00:00:13,279 - core.criteria_parser - INFO - Processando critérios: {'sector': {'main': 'saúde', 'sub_sectors': ['hospitais', 'clínicas', 'laboratórios', 'farmacêuticas']}, 'size': {'employees': {'min': 50, 'max': 500}, 'revenue': {'min': 100, 'currency': 'BRL'}}, 'location': {'country': 'Brasil'}, 'output': {'format': 'excel', 'max_results': 50}}
2025-05-18 00:00:13,280 - core.criteria_parser - INFO - Critérios processados: {'sector': {'main': 'saúde', 'sub_sectors': ['hospitais', 'clínicas', 'laboratórios', 'farmacêuticas']}, 'size': {'employees': {'min': 50, 'max': 500}, 'revenue': {'min': 100, 'currency': 'BRL'}}, 'location': {'country': 'Brasil'}, 'output': {'format': 'excel', 'max_results': 50}}
2025-05-18 00:00:13,280 - core.controller - INFO - Critérios processados: {'sector': {'main': 'saúde', 'sub_sectors': ['hospitais', 'clínicas', 'laboratórios', 'farmacêuticas']}, 'size': {'employees': {'min': 50, 'max': 500}, 'revenue': {'min': 100, 'currency': 'BRL'}}, 'location': {'country': 'Brasil'}, 'output': {'format': 'excel', 'max_results': 50}}
2025-05-18 00:00:13,280 - core.controller - INFO - Plano de busca criado com 3 etapas
2025-05-18 00:00:13,280 - core.controller - INFO - Executando etapa: search com linkedin
2025-05-18 00:00:13,280 - modules.scrapers.linkedin_scraper - INFO - Iniciando busca no LinkedIn com critérios: {'sector': {'main': 'saúde', 'sub_sectors': ['hospitais', 'clínicas', 'laboratórios', 'farmacêuticas']}, 'size': {'employees': {'min': 50, 'max': 500}, 'revenue': {'min': 100, 'currency': 'BRL'}}, 'location': {'country': 'Brasil'}, 'output': {'format': 'excel', 'max_results': 50}}
2025-05-18 00:00:13,280 - WDM - INFO - ====== WebDriver manager ======
2025-05-18 00:00:15,714 - WDM - INFO - Get LATEST chromedriver version for google-chrome
2025-05-18 00:00:15,769 - WDM - INFO - Get LATEST chromedriver version for google-chrome
2025-05-18 00:00:15,817 - WDM - INFO - Get LATEST chromedriver version for google-chrome
2025-05-18 00:00:15,935 - WDM - INFO - WebDriver version 131.0.6778.264 selected
2025-05-18 00:00:15,939 - WDM - INFO - Modern chrome version https://storage.googleapis.com/chrome-for-testing-public/131.0.6778.264/win32/chromedriver-win32.zip
2025-05-18 00:00:15,939 - WDM - INFO - About to download new driver from https://storage.googleapis.com/chrome-for-testing-public/131.0.6778.264/win32/chromedriver-win32.zip
2025-05-18 00:00:16,100 - WDM - INFO - Driver downloading response is 200
2025-05-18 00:00:16,232 - WDM - INFO - Get LATEST chromedriver version for google-chrome
2025-05-18 00:00:16,381 - WDM - INFO - Driver has been saved in cache [C:\Users\Administrador\.wdm\drivers\chromedriver\win64\131.0.6778.264]
2025-05-18 00:00:16,385 - utils.selenium_manager - ERROR - Erro ao configurar o driver: [WinError 193] %1 não é um aplicativo Win32 válido
2025-05-18 00:00:16,385 - core.controller - ERROR - Erro ao executar etapa search com linkedin: [WinError 193] %1 não é um aplicativo Win32 válido
2025-05-18 00:00:16,386 - core.controller - INFO - Executando etapa: search com cnpj
2025-05-18 00:00:16,386 - modules.scrapers.cnpj_scraper - INFO - Iniciando busca de CNPJ com critérios: {'sector': {'main': 'saúde', 'sub_sectors': ['hospitais', 'clínicas', 'laboratórios', 'farmacêuticas']}, 'size': {'employees': {'min': 50, 'max': 500}, 'revenue': {'min': 100, 'currency': 'BRL'}}, 'location': {'country': 'Brasil'}, 'output': {'format': 'excel', 'max_results': 50}}
2025-05-18 00:00:16,386 - core.controller - INFO - Busca com cnpj encontrou 5 resultados
2025-05-18 00:00:16,386 - modules.scrapers.cnpj_scraper - INFO - Coletando dados de CNPJ para: FLEURY S.A.
2025-05-18 00:00:16,560 - modules.scrapers.cnpj_scraper - INFO - Dados coletados com sucesso da ReceitaWS para CNPJ 60840055000131
2025-05-18 00:00:16,560 - modules.scrapers.cnpj_scraper - INFO - Coletando dados de CNPJ para: DIAGNÓSTICOS DA AMÉRICA S.A.
2025-05-18 00:00:16,737 - modules.scrapers.cnpj_scraper - INFO - Dados coletados com sucesso da ReceitaWS para CNPJ 61486650000183
2025-05-18 00:00:16,737 - modules.scrapers.cnpj_scraper - INFO - Coletando dados de CNPJ para: HAPVIDA ASSISTÊNCIA MÉDICA LTDA
2025-05-18 00:00:16,930 - modules.scrapers.cnpj_scraper - INFO - Dados coletados com sucesso da ReceitaWS para CNPJ 63554067000198
2025-05-18 00:00:16,931 - modules.scrapers.cnpj_scraper - INFO - Coletando dados de CNPJ para: INSTITUTO HERMES PARDINI S.A.
2025-05-18 00:00:17,106 - modules.scrapers.cnpj_scraper - WARNING - Erro ao acessar ReceitaWS: 429
2025-05-18 00:00:17,107 - WDM - INFO - ====== WebDriver manager ======
2025-05-18 00:00:19,641 - WDM - INFO - Get LATEST chromedriver version for google-chrome
2025-05-18 00:00:19,687 - WDM - INFO - Get LATEST chromedriver version for google-chrome
2025-05-18 00:00:19,744 - WDM - INFO - Driver [C:\Users\Administrador\.wdm\drivers\chromedriver\win64\131.0.6778.264\chromedriver-win32/THIRD_PARTY_NOTICES.chromedriver] found in cache
2025-05-18 00:00:19,745 - utils.selenium_manager - ERROR - Erro ao configurar o driver: [WinError 193] %1 não é um aplicativo Win32 válido
2025-05-18 00:00:19,745 - modules.scrapers.cnpj_scraper - ERROR - Erro ao coletar dados do CNPJ.biz: [WinError 193] %1 não é um aplicativo Win32 válido
2025-05-18 00:00:19,746 - modules.scrapers.cnpj_scraper - INFO - Coletando dados de CNPJ para: REDE D'OR SÃO LUIZ S.A.
2025-05-18 00:00:19,913 - modules.scrapers.cnpj_scraper - WARNING - Erro ao acessar ReceitaWS: 429
2025-05-18 00:00:19,914 - WDM - INFO - ====== WebDriver manager ======
2025-05-18 00:00:22,350 - WDM - INFO - Get LATEST chromedriver version for google-chrome
2025-05-18 00:00:22,408 - WDM - INFO - Get LATEST chromedriver version for google-chrome
2025-05-18 00:00:22,467 - WDM - INFO - Driver [C:\Users\Administrador\.wdm\drivers\chromedriver\win64\131.0.6778.264\chromedriver-win32/THIRD_PARTY_NOTICES.chromedriver] found in cache
2025-05-18 00:00:22,468 - utils.selenium_manager - ERROR - Erro ao configurar o driver: [WinError 193] %1 não é um aplicativo Win32 válido
2025-05-18 00:00:22,468 - modules.scrapers.cnpj_scraper - ERROR - Erro ao coletar dados do CNPJ.biz: [WinError 193] %1 não é um aplicativo Win32 válido
2025-05-18 00:00:22,469 - core.controller - INFO - Executando etapa: search com company_site
2025-05-18 00:00:22,469 - modules.scrapers.company_site_scraper - INFO - Iniciando busca por sites corporativos com critérios: {'sector': {'main': 'saúde', 'sub_sectors': ['hospitais', 'clínicas', 'laboratórios', 'farmacêuticas']}, 'size': {'employees': {'min': 50, 'max': 500}, 'revenue': {'min': 100, 'currency': 'BRL'}}, 'location': {'country': 'Brasil'}, 'output': {'format': 'excel', 'max_results': 50}}
2025-05-18 00:00:22,469 - modules.scrapers.company_site_scraper - WARNING - Nenhuma lista de empresas fornecida para busca de sites corporativos
2025-05-18 00:00:22,469 - core.controller - INFO - Busca com company_site encontrou 0 resultados
2025-05-18 00:00:22,469 - core.controller - INFO - Busca concluída. 5 empresas encontradas
2025-05-18 00:00:22,470 - modules.processors.data_processor - WARNING - Empresa INSTITUTO HERMES PARDINI S.A. não tem dados mínimos necessários
2025-05-18 00:00:22,470 - modules.processors.data_processor - WARNING - Empresa REDE D'OR SÃO LUIZ S.A. não tem dados mínimos necessários
2025-05-18 00:00:22,470 - core.quality_checker - INFO - Qualidade dos dados para FLEURY S.A.: 0.67
2025-05-18 00:00:22,470 - core.controller - WARNING - Empresa FLEURY S.A. não atingiu score mínimo de qualidade: 0.6741573033707865
2025-05-18 00:00:22,470 - core.quality_checker - INFO - Qualidade dos dados para DIAGNOSTICOS DA AMERICA S.A .: 0.62
2025-05-18 00:00:22,470 - core.controller - WARNING - Empresa DIAGNOSTICOS DA AMERICA S.A . não atingiu score mínimo de qualidade: 0.6179775280898876
2025-05-18 00:00:22,471 - core.quality_checker - INFO - Qualidade dos dados para HAPVIDA ASSISTENCIA MEDICA S.A.: 0.67
2025-05-18 00:00:22,471 - core.controller - WARNING - Empresa HAPVIDA ASSISTENCIA MEDICA S.A. não atingiu score mínimo de qualidade: 0.6741573033707865
2025-05-18 00:00:22,471 - core.controller - INFO - Processamento concluído. 0 empresas válidas
2025-05-18 00:00:22,471 - modules.exporters.excel_exporter - WARNING - Nenhum dado para exportar
2025-05-18 00:00:22,471 - core.controller - INFO - Resultados exportados para 
2025-05-18 00:00:22,471 - root - INFO - Execução concluída em 9.19 segundos
2025-05-18 00:00:22,472 - root - INFO - Total de empresas encontradas: 5
2025-05-18 00:00:22,472 - root - INFO - Total de empresas válidas: 0
2025-05-18 00:00:22,472 - root - INFO - Resultados exportados para: 
