2025-05-18 00:42:41,253 - root - INFO - Iniciando execução do crawler...
2025-05-18 00:42:41,254 - core.controller - INFO - Iniciando execução com critérios: {'companies': [{'name': 'TOTVS S.A.', 'sector': 'tecnologia'}], 'output': {'format': 'excel', 'max_results': 1}}
2025-05-18 00:42:41,254 - core.criteria_parser - INFO - Processando critérios: {'companies': [{'name': 'TOTVS S.A.', 'sector': 'tecnologia'}], 'output': {'format': 'excel', 'max_results': 1}}
2025-05-18 00:42:41,254 - core.controller - INFO - Critérios processados: {'companies': [{'name': 'TOTVS S.A.', 'sector': 'tecnologia'}], 'output': {'format': 'excel', 'max_results': 1}}
2025-05-18 00:42:41,255 - core.controller - INFO - Plano de busca criado com 3 etapas
2025-05-18 00:42:41,255 - core.controller - INFO - Executando etapa: search com linkedin
2025-05-18 00:42:41,255 - modules.scrapers.linkedin_scraper - INFO - Iniciando busca no LinkedIn com critérios: {'companies': [{'name': 'TOTVS S.A.', 'sector': 'tecnologia'}], 'output': {'format': 'excel', 'max_results': 1}}
2025-05-18 00:42:41,256 - modules.scrapers.linkedin_scraper - INFO - Buscando empresa específica no LinkedIn: TOTVS S.A.
2025-05-18 00:42:41,262 - utils.selenium_manager - INFO - Sistema operacional detectado: windows
2025-05-18 00:42:41,262 - utils.selenium_manager - INFO - Usando chromedriver.exe local
2025-05-18 00:42:42,416 - utils.selenium_manager - INFO - Driver Selenium inicializado com sucesso
2025-05-18 00:42:42,416 - modules.scrapers.linkedin_scraper - INFO - Tentando login no LinkedIn
2025-05-18 00:43:16,886 - modules.scrapers.linkedin_scraper - INFO - Login no LinkedIn bem-sucedido
2025-05-18 00:43:16,886 - modules.scrapers.linkedin_scraper - INFO - Navegando para URL de busca: https://www.linkedin.com/search/results/companies/?keywords=TOTVS%20S.A.
2025-05-18 00:43:18,868 - modules.scrapers.linkedin_scraper - ERROR - Falha ao navegar para https://www.linkedin.com/search/results/companies/?keywords=TOTVS%20S.A.
2025-05-18 00:43:18,868 - utils.selenium_manager - INFO - Encerrando sessão Selenium
2025-05-18 00:43:25,049 - modules.scrapers.linkedin_scraper - INFO - Busca no LinkedIn encontrou 0 resultados
2025-05-18 00:43:25,049 - core.controller - INFO - Busca com linkedin encontrou 0 resultados
2025-05-18 00:43:25,050 - core.controller - INFO - Executando etapa: search com cnpj
2025-05-18 00:43:25,050 - modules.scrapers.cnpj_scraper - INFO - Iniciando busca de CNPJ com critérios: {'companies': [{'name': 'TOTVS S.A.', 'sector': 'tecnologia'}], 'output': {'format': 'excel', 'max_results': 1}}
2025-05-18 00:43:25,050 - core.controller - INFO - Busca com cnpj encontrou 1 resultados
2025-05-18 00:43:25,050 - modules.scrapers.cnpj_scraper - INFO - Coletando dados de CNPJ para: TOTVS S.A.
2025-05-18 00:43:25,691 - modules.scrapers.cnpj_scraper - INFO - Dados coletados com sucesso da ReceitaWS para CNPJ 53113791000122
2025-05-18 00:43:25,691 - core.controller - INFO - Executando etapa: search com company_site
2025-05-18 00:43:25,692 - modules.scrapers.company_site_scraper - INFO - Iniciando busca por sites corporativos com critérios: {'companies': [{'name': 'TOTVS S.A.', 'sector': 'tecnologia'}], 'output': {'format': 'excel', 'max_results': 1}}
2025-05-18 00:43:25,692 - modules.scrapers.company_site_scraper - INFO - Buscando site corporativo para: TOTVS S.A.
2025-05-18 00:43:25,692 - utils.searx_client - INFO - Realizando busca SearXNG: TOTVS S.A. site oficial
2025-05-18 00:43:26,642 - modules.scrapers.company_site_scraper - ERROR - Erro ao buscar site corporativo para TOTVS S.A.: 'str' object has no attribute 'get'
2025-05-18 00:43:26,642 - modules.scrapers.company_site_scraper - INFO - Busca com company_site encontrou 0 resultados
2025-05-18 00:43:26,642 - core.controller - INFO - Busca com company_site encontrou 0 resultados
2025-05-18 00:43:26,642 - core.controller - INFO - Busca concluída. 1 empresas encontradas
2025-05-18 00:43:26,642 - core.quality_checker - INFO - Qualidade dos dados para TOTVS S.A.: 0.62
2025-05-18 00:43:26,643 - core.controller - INFO - Processamento concluído. 1 empresas válidas
2025-05-18 00:43:26,824 - modules.exporters.excel_exporter - ERROR - Erro ao exportar dados para Excel com formatação: 'Workbook' object has no attribute 'create_font'
2025-05-18 00:43:26,832 - modules.exporters.excel_exporter - INFO - Dados exportados sem formatação para C:\Crawler\Empresas\flexible_crawler\modules\exporters\..\..\data\output\empresas_20250518_004326.xlsx
2025-05-18 00:43:26,832 - core.controller - INFO - Resultados exportados para C:\Crawler\Empresas\flexible_crawler\modules\exporters\..\..\data\output\empresas_20250518_004326.xlsx
2025-05-18 00:43:26,832 - root - INFO - Execução concluída em 45.58 segundos
2025-05-18 00:43:26,833 - root - INFO - Total de empresas encontradas: 1
2025-05-18 00:43:26,833 - root - INFO - Total de empresas válidas: 1
2025-05-18 00:43:26,833 - root - INFO - Resultados exportados para: C:\Crawler\Empresas\flexible_crawler\modules\exporters\..\..\data\output\empresas_20250518_004326.xlsx
